<?xml version="1.0" encoding="UTF-8"?>
<!-- Generated by org.testng.reporters.JUnitReportReporter -->
<testsuite hostname="LAPTOP-RBNKKBOV" failures="0" tests="1" name="TestNGTestCases.SampleTC" time="6.317" errors="0" timestamp="2020-11-06T19:57:23 IST" skipped="0">
  <testcase classname="TestNGTestCases.SampleTC" name="TestCase1" time="6.317"/>
  <system-out/>
</testsuite> <!-- TestNGTestCases.SampleTC -->
